#
# There is insufficient memory for the Java Runtime Environment to continue.
# Native memory allocation (malloc) failed to allocate 35696 bytes for Chunk::new
# Possible reasons:
#   The system is out of physical RAM or swap space
#   The process is running with CompressedOops enabled, and the Java Heap may be blocking the growth of the native heap
# Possible solutions:
#   Reduce memory load on the system
#   Increase physical memory or swap space
#   Check if swap backing store is full
#   Decrease Java heap size (-Xmx/-Xms)
#   Decrease number of Java threads
#   Decrease Java thread stack sizes (-Xss)
#   Set larger code cache with -XX:ReservedCodeCacheSize=
#   JVM is running with Zero Based Compressed Oops mode in which the Java heap is
#     placed in the first 32GB address space. The Java Heap base address is the
#     maximum limit for the native heap growth. Please use -XX:HeapBaseMinAddress
#     to set the Java Heap base and to place the Java Heap above 32GB virtual address.
# This output file may be truncated or incomplete.
#
#  Out of Memory Error (allocation.cpp:389), pid=7864, tid=0x0000000000000434
#
# JRE version: Java(TM) SE Runtime Environment (8.0_231-b11) (build 1.8.0_231-b11)
# Java VM: Java HotSpot(TM) 64-Bit Server VM (25.231-b11 mixed mode windows-amd64 compressed oops)
# Failed to write core dump. Minidumps are not enabled by default on client versions of Windows
#

---------------  T H R E A D  ---------------

Current thread (0x000000001c757000):  JavaThread "C2 CompilerThread0" daemon [_thread_in_native, id=1076, stack(0x000000001e2b0000,0x000000001e3b0000)]

Stack: [0x000000001e2b0000,0x000000001e3b0000]
[error occurred during error reporting (printing stack bounds), id 0xc0000005]

Native frames: (J=compiled Java code, j=interpreted, Vv=VM code, C=native code)


Current CompileTask:
C2:  55959 2117       4       com.google.common.base.CharMatcher::indexIn (48 bytes)


---------------  P R O C E S S  ---------------

Java Threads: ( => current thread )
  0x000000001e9c8000 JavaThread "Exec Stream Pumper" daemon [_thread_in_native, id=28852, stack(0x00000000243c0000,0x00000000244c0000)]
  0x000000001e9c9800 JavaThread "Exec Stream Pumper" daemon [_thread_in_native, id=28848, stack(0x00000000242c0000,0x00000000243c0000)]
  0x000000001e9ca000 JavaThread "Exec Stream Pumper" daemon [_thread_in_native, id=25776, stack(0x00000000241c0000,0x00000000242c0000)]
  0x000000001e9c7000 JavaThread "Exec Stream Pumper" daemon [_thread_in_native, id=9284, stack(0x00000000240c0000,0x00000000241c0000)]
  0x000000001e9bf800 JavaThread "Exec Stream Pumper" daemon [_thread_in_native, id=26260, stack(0x0000000023fc0000,0x00000000240c0000)]
  0x000000001e9c6800 JavaThread "Exec Stream Pumper" daemon [_thread_in_native, id=27820, stack(0x0000000023ec0000,0x0000000023fc0000)]
  0x000000001e9c4000 JavaThread "UrlChecker-7" daemon [_thread_blocked, id=21564, stack(0x0000000023dc0000,0x0000000023ec0000)]
  0x000000001e9c1000 JavaThread "Exec Default Executor" daemon [_thread_in_native, id=22368, stack(0x0000000023cc0000,0x0000000023dc0000)]
  0x000000001e9c0800 JavaThread "UrlChecker-6" daemon [_thread_blocked, id=12744, stack(0x0000000023bc0000,0x0000000023cc0000)]
  0x000000001e9c2000 JavaThread "Exec Default Executor" daemon [_thread_in_native, id=27008, stack(0x0000000023ac0000,0x0000000023bc0000)]
  0x000000001e9c3800 JavaThread "UrlChecker-5" daemon [_thread_blocked, id=28204, stack(0x00000000239c0000,0x0000000023ac0000)]
  0x000000001e9c5000 JavaThread "Exec Default Executor" daemon [_thread_in_native, id=23268, stack(0x00000000238c0000,0x00000000239c0000)]
  0x000000001eac0800 JavaThread "Exec Stream Pumper" daemon [_thread_in_native, id=28124, stack(0x00000000235c0000,0x00000000236c0000)]
  0x000000001eabf800 JavaThread "Exec Stream Pumper" daemon [_thread_in_native, id=28556, stack(0x00000000234c0000,0x00000000235c0000)]
  0x000000001eabc000 JavaThread "Exec Stream Pumper" daemon [_thread_in_native, id=22816, stack(0x00000000233c0000,0x00000000234c0000)]
  0x000000001eabb000 JavaThread "Exec Stream Pumper" daemon [_thread_in_native, id=14024, stack(0x00000000232c0000,0x00000000233c0000)]
  0x000000001eabf000 JavaThread "UrlChecker-4" daemon [_thread_blocked, id=28256, stack(0x00000000231c0000,0x00000000232c0000)]
  0x000000001eaba800 JavaThread "Exec Default Executor" daemon [_thread_in_native, id=27752, stack(0x00000000230c0000,0x00000000231c0000)]
  0x000000001eabc800 JavaThread "Exec Default Executor" daemon [_thread_in_native, id=1140, stack(0x0000000022ec0000,0x0000000022fc0000)]
  0x000000001eabe000 JavaThread "Forwarding newSession on session null to remote" [_thread_in_native, id=19428, stack(0x0000000022dc0000,0x0000000022ec0000)]
  0x000000001eab2800 JavaThread "Forwarding newSession on session null to remote" [_thread_in_native, id=26632, stack(0x0000000022cc0000,0x0000000022dc0000)]
  0x000000001eab6800 JavaThread "Forwarding newSession on session null to remote" [_thread_in_native, id=20284, stack(0x0000000022bc0000,0x0000000022cc0000)]
  0x000000001eab7800 JavaThread "Forwarding get on session c301a504-903a-44d4-97d5-5e0383e5cfa7 to remote" [_thread_in_native, id=27768, stack(0x00000000228c0000,0x00000000229c0000)]
  0x000000001eab5800 JavaThread "Forwarding newSession on session null to remote" [_thread_in_native, id=14464, stack(0x00000000226c0000,0x00000000227c0000)]
  0x000000001eab3800 JavaThread "Exec Stream Pumper" daemon [_thread_in_native, id=23828, stack(0x00000000225c0000,0x00000000226c0000)]
  0x000000001eab2000 JavaThread "Exec Stream Pumper" daemon [_thread_in_native, id=13720, stack(0x00000000224c0000,0x00000000225c0000)]
  0x000000001eab9000 JavaThread "Exec Default Executor" daemon [_thread_in_native, id=28524, stack(0x00000000223c0000,0x00000000224c0000)]
  0x000000001eab1000 JavaThread "Exec Stream Pumper" daemon [_thread_in_native, id=21320, stack(0x00000000222c0000,0x00000000223c0000)]
  0x000000001eab5000 JavaThread "Exec Stream Pumper" daemon [_thread_in_native, id=26892, stack(0x00000000221c0000,0x00000000222c0000)]
  0x000000001eab8000 JavaThread "Exec Default Executor" daemon [_thread_in_native, id=18728, stack(0x00000000220c0000,0x00000000221c0000)]
  0x000000001edca000 JavaThread "Exec Stream Pumper" daemon [_thread_in_native, id=27744, stack(0x0000000021ec0000,0x0000000021fc0000)]
  0x000000001edc9800 JavaThread "Exec Stream Pumper" daemon [_thread_in_native, id=14444, stack(0x0000000021dc0000,0x0000000021ec0000)]
  0x000000001edce000 JavaThread "Exec Stream Pumper" daemon [_thread_in_native, id=22680, stack(0x0000000021cc0000,0x0000000021dc0000)]
  0x000000001edcd000 JavaThread "Exec Stream Pumper" daemon [_thread_in_native, id=23940, stack(0x0000000021bc0000,0x0000000021cc0000)]
  0x000000001edc8800 JavaThread "Exec Default Executor" daemon [_thread_in_native, id=13560, stack(0x0000000021ac0000,0x0000000021bc0000)]
  0x000000001edc8000 JavaThread "Exec Default Executor" daemon [_thread_in_native, id=7836, stack(0x00000000203f0000,0x00000000204f0000)]
  0x000000001edcc800 JavaThread "Okio Watchdog" daemon [_thread_blocked, id=9928, stack(0x00000000219c0000,0x0000000021ac0000)]
  0x000000001edcb000 JavaThread "OkHttp ConnectionPool" daemon [_thread_blocked, id=13780, stack(0x00000000218c0000,0x00000000219c0000)]
  0x000000001edcb800 JavaThread "Exec Stream Pumper" daemon [_thread_in_native, id=26812, stack(0x00000000200f0000,0x00000000201f0000)]
  0x000000001ee55000 JavaThread "Exec Stream Pumper" daemon [_thread_in_native, id=26704, stack(0x000000001fff0000,0x00000000200f0000)]
  0x000000001ee52800 JavaThread "Exec Stream Pumper" daemon [_thread_in_native, id=20192, stack(0x000000001fef0000,0x000000001fff0000)]
  0x000000001ee51800 JavaThread "Exec Stream Pumper" daemon [_thread_in_native, id=12036, stack(0x000000001fdf0000,0x000000001fef0000)]
  0x000000001ee57000 JavaThread "UrlChecker-3" daemon [_thread_blocked, id=23836, stack(0x000000001fcf0000,0x000000001fdf0000)]
  0x000000001edd0800 JavaThread "UrlChecker-2" daemon [_thread_blocked, id=19996, stack(0x000000001fbf0000,0x000000001fcf0000)]
  0x000000001edbc000 JavaThread "Exec Default Executor" daemon [_thread_in_native, id=19364, stack(0x000000001faf0000,0x000000001fbf0000)]
  0x000000001edb3000 JavaThread "Exec Default Executor" daemon [_thread_in_native, id=27528, stack(0x000000001f9f0000,0x000000001faf0000)]
  0x000000001e984000 JavaThread "Forwarding get on session b66eadce-ad87-4733-99ab-59b2d9977f6e to remote" [_thread_in_native, id=3556, stack(0x000000001f4f0000,0x000000001f5f0000)]
  0x000000001e983000 JavaThread "Forwarding get on session b66eadce-ad87-4733-99ab-59b2d9977f6e to remote" [_thread_in_native, id=13308, stack(0x000000001f3f0000,0x000000001f4f0000)]
  0x000000001e981800 JavaThread "TestNG" [_thread_blocked, id=8476, stack(0x000000001f2f0000,0x000000001f3f0000)]
  0x000000001de4d800 JavaThread "Service Thread" daemon [_thread_blocked, id=19492, stack(0x000000001e5b0000,0x000000001e6b0000)]
  0x000000001c788000 JavaThread "C1 CompilerThread2" daemon [_thread_blocked, id=28068, stack(0x000000001e4b0000,0x000000001e5b0000)]
  0x000000001c75a800 JavaThread "C2 CompilerThread1" daemon [_thread_in_native, id=21140, stack(0x000000001e3b0000,0x000000001e4b0000)]
=>0x000000001c757000 JavaThread "C2 CompilerThread0" daemon [_thread_in_native, id=1076, stack(0x000000001e2b0000,0x000000001e3b0000)]
  0x000000001c75c800 JavaThread "Monitor Ctrl-Break" daemon [_thread_in_native, id=24080, stack(0x000000001e1b0000,0x000000001e2b0000)]
  0x000000001c73a000 JavaThread "Attach Listener" daemon [_thread_blocked, id=13836, stack(0x000000001dcb0000,0x000000001ddb0000)]
  0x000000001c738800 JavaThread "Signal Dispatcher" daemon [_thread_blocked, id=25780, stack(0x000000001dbb0000,0x000000001dcb0000)]
  0x000000000318d000 JavaThread "Finalizer" daemon [_thread_blocked, id=28348, stack(0x000000001d9b0000,0x000000001dab0000)]
  0x0000000003184000 JavaThread "Reference Handler" daemon [_thread_blocked, id=28364, stack(0x000000001d8b0000,0x000000001d9b0000)]
  0x0000000003094800 JavaThread "main" [_thread_blocked, id=28356, stack(0x0000000002dc0000,0x0000000002ec0000)]

Other Threads:
  0x000000001c6f7800 VMThread [stack: 0x000000001d7b0000,0x000000001d8b0000] [id=28400]
  0x000000001de67000 WatcherThread [stack: 0x000000001e6b0000,0x000000001e7b0000] [id=19596]

VM state:not at safepoint (normal execution)

VM Mutex/Monitor currently owned by a thread: None

heap address: 0x00000006c2000000, size: 4064 MB, Compressed Oops mode: Zero based, Oop shift amount: 3
Narrow klass base: 0x0000000000000000, Narrow klass shift: 3
Compressed class space size: 1073741824 Address: 0x00000007c0000000

Heap:
 PSYoungGen      total 75776K, used 47464K [0x000000076b580000, 0x0000000770a00000, 0x00000007c0000000)
  eden space 65024K, 61% used [0x000000076b580000,0x000000076dc98ce8,0x000000076f500000)
  from space 10752K, 69% used [0x000000076f500000,0x000000076fc41488,0x000000076ff80000)
  to   space 10752K, 0% used [0x000000076ff80000,0x000000076ff80000,0x0000000770a00000)
 ParOldGen       total 173568K, used 80K [0x00000006c2000000, 0x00000006cc980000, 0x000000076b580000)
  object space 173568K, 0% used [0x00000006c2000000,0x00000006c2014010,0x00000006cc980000)
 Metaspace       used 17360K, capacity 18480K, committed 18688K, reserved 1064960K
  class space    used 2185K, capacity 2444K, committed 2560K, reserved 1048576K

Card table byte_map: [0x0000000012550000,0x0000000012d50000] byte_map_base: 0x000000000ef40000

Marking Bits: (ParMarkBitMap*) 0x00000000626c6d90
 Begin Bits: [0x00000000136a0000, 0x0000000017620000)
 End Bits:   [0x0000000017620000, 0x000000001b5a0000)

Polling page: 0x0000000000ff0000

CodeCache: size=245760Kb used=5948Kb max_used=5956Kb free=239811Kb
 bounds [0x0000000003190000, 0x0000000003770000, 0x0000000012190000]
 total_blobs=2334 nmethods=1920 adapters=326
 compilation: enabled

Compilation events (10 events):
Event: 55.952 Thread 0x000000001c788000 2113       3       java.lang.Character::isDigit (15 bytes)
Event: 55.952 Thread 0x000000001c788000 nmethod 2113 0x000000000348eb50 code [0x000000000348ece0, 0x000000000348efd8]
Event: 55.952 Thread 0x000000001c788000 2114       3       com.google.common.collect.ImmutableSet::hashFloodingDetected (124 bytes)
Event: 55.952 Thread 0x000000001c75a800 2116       4       com.google.common.base.AbstractIterator::hasNext (65 bytes)
Event: 55.952 Thread 0x000000001c757000 2117       4       com.google.common.base.CharMatcher::indexIn (48 bytes)
Event: 55.953 Thread 0x000000001c788000 nmethod 2114 0x000000000348e090 code [0x000000000348e240, 0x000000000348e8c8]
Event: 55.953 Thread 0x000000001c788000 2115       3       org.openqa.selenium.remote.http.AbstractHttpCommandCodec::get (13 bytes)
Event: 55.953 Thread 0x000000001c788000 nmethod 2115 0x000000000347e1d0 code [0x000000000347e340, 0x000000000347e568]
Event: 55.953 Thread 0x000000001c788000 2118       3       com.google.common.collect.Maps$12::getKey (10 bytes)
Event: 55.953 Thread 0x000000001c788000 nmethod 2118 0x00000000034fa390 code [0x00000000034fa500, 0x00000000034fa728]

GC Heap History (2 events):
Event: 5.501 GC heap before
{Heap before GC invocations=1 (full 0):
 PSYoungGen      total 75776K, used 65024K [0x000000076b580000, 0x0000000770a00000, 0x00000007c0000000)
  eden space 65024K, 100% used [0x000000076b580000,0x000000076f500000,0x000000076f500000)
  from space 10752K, 0% used [0x000000076ff80000,0x000000076ff80000,0x0000000770a00000)
  to   space 10752K, 0% used [0x000000076f500000,0x000000076f500000,0x000000076ff80000)
 ParOldGen       total 173568K, used 0K [0x00000006c2000000, 0x00000006cc980000, 0x000000076b580000)
  object space 173568K, 0% used [0x00000006c2000000,0x00000006c2000000,0x00000006cc980000)
 Metaspace       used 14402K, capacity 15102K, committed 15360K, reserved 1062912K
  class space    used 1763K, capacity 1937K, committed 2048K, reserved 1048576K
Event: 5.511 GC heap after
Heap after GC invocations=1 (full 0):
 PSYoungGen      total 75776K, used 7429K [0x000000076b580000, 0x0000000770a00000, 0x00000007c0000000)
  eden space 65024K, 0% used [0x000000076b580000,0x000000076b580000,0x000000076f500000)
  from space 10752K, 69% used [0x000000076f500000,0x000000076fc41488,0x000000076ff80000)
  to   space 10752K, 0% used [0x000000076ff80000,0x000000076ff80000,0x0000000770a00000)
 ParOldGen       total 173568K, used 80K [0x00000006c2000000, 0x00000006cc980000, 0x000000076b580000)
  object space 173568K, 0% used [0x00000006c2000000,0x00000006c2014010,0x00000006cc980000)
 Metaspace       used 14402K, capacity 15102K, committed 15360K, reserved 1062912K
  class space    used 1763K, capacity 1937K, committed 2048K, reserved 1048576K
}

Deoptimization events (10 events):
Event: 5.586 Thread 0x000000001e984000 Uncommon trap: reason=class_check action=maybe_recompile pc=0x00000000035dca58 method=java.util.regex.Matcher.search(I)Z @ 86
Event: 5.586 Thread 0x000000001e983000 Uncommon trap: reason=class_check action=maybe_recompile pc=0x0000000003596bb0 method=java.util.regex.Pattern$Curly.match(Ljava/util/regex/Matcher;ILjava/lang/CharSequence;)Z @ 19
Event: 5.586 Thread 0x000000001e984000 Uncommon trap: reason=class_check action=maybe_recompile pc=0x0000000003596bb0 method=java.util.regex.Pattern$Curly.match(Ljava/util/regex/Matcher;ILjava/lang/CharSequence;)Z @ 19
Event: 5.695 Thread 0x000000001e984000 Uncommon trap: reason=unstable_if action=reinterpret pc=0x000000000363e4b0 method=java.util.regex.Pattern$BmpCharProperty.match(Ljava/util/regex/Matcher;ILjava/lang/CharSequence;)Z @ 34
Event: 5.695 Thread 0x000000001e983000 Uncommon trap: reason=unstable_if action=reinterpret pc=0x000000000363e4b0 method=java.util.regex.Pattern$BmpCharProperty.match(Ljava/util/regex/Matcher;ILjava/lang/CharSequence;)Z @ 34
Event: 11.293 Thread 0x000000001e984000 Uncommon trap: reason=class_check action=maybe_recompile pc=0x00000000036a1a68 method=org.openqa.selenium.json.Input.init()V @ 18
Event: 11.293 Thread 0x000000001e984000 Uncommon trap: reason=class_check action=maybe_recompile pc=0x00000000036a1a68 method=org.openqa.selenium.json.Input.init()V @ 18
Event: 11.294 Thread 0x000000001e984000 Uncommon trap: reason=class_check action=maybe_recompile pc=0x00000000036a1a68 method=org.openqa.selenium.json.Input.init()V @ 18
Event: 11.294 Thread 0x000000001e984000 Uncommon trap: reason=class_check action=maybe_recompile pc=0x00000000036a1a68 method=org.openqa.selenium.json.Input.init()V @ 18
Event: 38.515 Thread 0x000000001e983000 Uncommon trap: reason=unstable_if action=reinterpret pc=0x000000000340a380 method=java.lang.Class.searchMethods([Ljava/lang/reflect/Method;Ljava/lang/String;[Ljava/lang/Class;)Ljava/lang/reflect/Method; @ 31

Classes redefined (0 events):
No events

Internal exceptions (10 events):
Event: 40.042 Thread 0x000000001eabf000 Exception <a 'java/net/SocketTimeoutException': connect timed out> (0x000000076d42b0d8) thrown at [C:\re\workspace\8-2-build-windows-amd64-cygwin\jdk8u231\13620\hotspot\src\share\vm\prims\jni.cpp, line 736]
Event: 40.271 Thread 0x000000001e9c4000 Exception <a 'java/net/SocketTimeoutException': connect timed out> (0x000000076d54da60) thrown at [C:\re\workspace\8-2-build-windows-amd64-cygwin\jdk8u231\13620\hotspot\src\share\vm\prims\jni.cpp, line 736]
Event: 40.272 Thread 0x000000001e9c0800 Exception <a 'java/net/SocketTimeoutException': connect timed out> (0x000000076d595f68) thrown at [C:\re\workspace\8-2-build-windows-amd64-cygwin\jdk8u231\13620\hotspot\src\share\vm\prims\jni.cpp, line 736]
Event: 40.272 Thread 0x000000001e9c3800 Exception <a 'java/net/SocketTimeoutException': connect timed out> (0x000000076d5de470) thrown at [C:\re\workspace\8-2-build-windows-amd64-cygwin\jdk8u231\13620\hotspot\src\share\vm\prims\jni.cpp, line 736]
Event: 46.134 Thread 0x000000001eab4000 Exception <a 'java/net/SocketTimeoutException': Read timed out> (0x000000076dc23738) thrown at [C:\re\workspace\8-2-build-windows-amd64-cygwin\jdk8u231\13620\hotspot\src\share\vm\prims\jni.cpp, line 736]
Event: 47.420 Thread 0x000000001eab4000 Exception <a 'sun/net/ConnectionResetException': > (0x000000076dc25df0) thrown at [C:\re\workspace\8-2-build-windows-amd64-cygwin\jdk8u231\13620\hotspot\src\share\vm\prims\jni.cpp, line 736]
Event: 47.420 Thread 0x000000001eab4000 Exception <a 'sun/net/ConnectionResetException': > (0x000000076dc26208) thrown at [C:\re\workspace\8-2-build-windows-amd64-cygwin\jdk8u231\13620\hotspot\src\share\vm\prims\jni.cpp, line 736]
Event: 49.809 Thread 0x000000001eab4000 Exception <a 'java/net/ConnectException': Connection refused: connect> (0x000000076dc3e458) thrown at [C:\re\workspace\8-2-build-windows-amd64-cygwin\jdk8u231\13620\hotspot\src\share\vm\prims\jni.cpp, line 736]
Event: 52.109 Thread 0x000000001eab4000 Exception <a 'java/net/ConnectException': Connection refused: connect> (0x000000076dc40118) thrown at [C:\re\workspace\8-2-build-windows-amd64-cygwin\jdk8u231\13620\hotspot\src\share\vm\prims\jni.cpp, line 736]
Event: 55.955 Thread 0x000000001eab7800 Exception <a 'java/net/SocketTimeoutException': Read timed out> (0x000000076dc93a78) thrown at [C:\re\workspace\8-2-build-windows-amd64-cygwin\jdk8u231\13620\hotspot\src\share\vm\prims\jni.cpp, line 736]

Events (10 events):
Event: 52.491 Executing VM operation: RevokeBias done
Event: 52.491 Thread 0x000000001e9cb800 Thread exited: 0x000000001e9cb800
Event: 55.950 Thread 0x000000001c788000 flushing nmethod 0x0000000003403cd0
Event: 55.951 Thread 0x000000001c788000 flushing nmethod 0x000000000344ffd0
Event: 55.951 Thread 0x000000001c788000 flushing nmethod 0x000000000346e450
Event: 55.951 Thread 0x000000001c788000 flushing nmethod 0x000000000347e0d0
Event: 55.951 Thread 0x000000001c788000 flushing nmethod 0x000000000348de10
Event: 55.952 Thread 0x000000001c788000 flushing nmethod 0x00000000034f9fd0
Event: 55.953 Thread 0x000000001c788000 flushing nmethod 0x0000000003596790
Event: 55.953 Thread 0x000000001c788000 flushing nmethod 0x00000000035dc710


Dynamic libraries:
0x00007ff77e540000 - 0x00007ff77e577000 	C:\Program Files\Java\jdk1.8.0_231\bin\java.exe
0x00007ffa02340000 - 0x00007ffa02530000 	C:\WINDOWS\SYSTEM32\ntdll.dll
0x00007ff9e07e0000 - 0x00007ff9e07f4000 	C:\Program Files\AVAST Software\Avast\aswhook.dll
0x00007ffa01950000 - 0x00007ffa01a02000 	C:\WINDOWS\System32\KERNEL32.DLL
0x00007ff9ff2d0000 - 0x00007ff9ff573000 	C:\WINDOWS\System32\KERNELBASE.dll
0x00007ffa01a10000 - 0x00007ffa01ab3000 	C:\WINDOWS\System32\ADVAPI32.dll
0x00007ffa01c80000 - 0x00007ffa01d1e000 	C:\WINDOWS\System32\msvcrt.dll
0x00007ffa01850000 - 0x00007ffa018e7000 	C:\WINDOWS\System32\sechost.dll
0x00007ffa00bb0000 - 0x00007ffa00cd0000 	C:\WINDOWS\System32\RPCRT4.dll
0x00007ffa01e60000 - 0x00007ffa01ff4000 	C:\WINDOWS\System32\USER32.dll
0x00007ff9ff960000 - 0x00007ff9ff981000 	C:\WINDOWS\System32\win32u.dll
0x00007ffa022d0000 - 0x00007ffa022f6000 	C:\WINDOWS\System32\GDI32.dll
0x00007ffa00220000 - 0x00007ffa003b4000 	C:\WINDOWS\System32\gdi32full.dll
0x00007ff9ff750000 - 0x00007ff9ff7ee000 	C:\WINDOWS\System32\msvcp_win.dll
0x00007ff9ff650000 - 0x00007ff9ff74a000 	C:\WINDOWS\System32\ucrtbase.dll
0x00007ff9f5910000 - 0x00007ff9f5b95000 	C:\WINDOWS\WinSxS\amd64_microsoft.windows.common-controls_6595b64144ccf1df_6.0.18362.657_none_e6c5b579130e3898\COMCTL32.dll
0x00007ffa00860000 - 0x00007ffa00b96000 	C:\WINDOWS\System32\combase.dll
0x00007ff9ff580000 - 0x00007ff9ff600000 	C:\WINDOWS\System32\bcryptPrimitives.dll
0x00007ffa01ac0000 - 0x00007ffa01aee000 	C:\WINDOWS\System32\IMM32.DLL
0x0000000062750000 - 0x0000000062822000 	C:\Program Files\Java\jdk1.8.0_231\jre\bin\msvcr100.dll
0x0000000061ea0000 - 0x0000000062746000 	C:\Program Files\Java\jdk1.8.0_231\jre\bin\server\jvm.dll
0x00007ffa02160000 - 0x00007ffa02168000 	C:\WINDOWS\System32\PSAPI.DLL
0x00007ff9f3d10000 - 0x00007ff9f3d19000 	C:\WINDOWS\SYSTEM32\WSOCK32.dll
0x00007ffa02070000 - 0x00007ffa020df000 	C:\WINDOWS\System32\WS2_32.dll
0x00007ff9f4c60000 - 0x00007ff9f4c84000 	C:\WINDOWS\SYSTEM32\WINMM.dll
0x00007ff9f81c0000 - 0x00007ff9f81ca000 	C:\WINDOWS\SYSTEM32\VERSION.dll
0x00007ff9f4c30000 - 0x00007ff9f4c5d000 	C:\WINDOWS\SYSTEM32\WINMMBASE.dll
0x00007ff9ff600000 - 0x00007ff9ff64a000 	C:\WINDOWS\System32\cfgmgr32.dll
0x00007ff9f97c0000 - 0x00007ff9f97cf000 	C:\Program Files\Java\jdk1.8.0_231\jre\bin\verify.dll
0x00007ff9f1630000 - 0x00007ff9f1659000 	C:\Program Files\Java\jdk1.8.0_231\jre\bin\java.dll
0x00007ff9f5eb0000 - 0x00007ff9f5ed3000 	C:\Program Files\Java\jdk1.8.0_231\jre\bin\instrument.dll
0x00007ff9f47f0000 - 0x00007ff9f4806000 	C:\Program Files\Java\jdk1.8.0_231\jre\bin\zip.dll
0x00007ffa010b0000 - 0x00007ffa01795000 	C:\WINDOWS\System32\SHELL32.dll
0x00007ffa017a0000 - 0x00007ffa01849000 	C:\WINDOWS\System32\shcore.dll
0x00007ff9ffa40000 - 0x00007ffa001bf000 	C:\WINDOWS\System32\windows.storage.dll
0x00007ff9ff240000 - 0x00007ff9ff25f000 	C:\WINDOWS\System32\profapi.dll
0x00007ff9ff260000 - 0x00007ff9ff2aa000 	C:\WINDOWS\System32\powrprof.dll
0x00007ff9ff210000 - 0x00007ff9ff220000 	C:\WINDOWS\System32\UMPDC.dll
0x00007ffa02100000 - 0x00007ffa02152000 	C:\WINDOWS\System32\shlwapi.dll
0x00007ff9ff2b0000 - 0x00007ff9ff2c1000 	C:\WINDOWS\System32\kernel.appcore.dll
0x00007ff9ff7f0000 - 0x00007ff9ff807000 	C:\WINDOWS\System32\cryptsp.dll
0x00007ff9f7e60000 - 0x00007ff9f7e7a000 	C:\Program Files\JetBrains\IntelliJ IDEA Community Edition 2019.3.1\bin\breakgen64.dll
0x00007ff9f0d10000 - 0x00007ff9f0d2a000 	C:\Program Files\Java\jdk1.8.0_231\jre\bin\net.dll
0x00007ff9fea30000 - 0x00007ff9fea97000 	C:\WINDOWS\system32\mswsock.dll
0x00007ff9fe5b0000 - 0x00007ff9fe5e3000 	C:\WINDOWS\system32\rsaenh.dll
0x00007ffa003c0000 - 0x00007ffa003e6000 	C:\WINDOWS\System32\bcrypt.dll
0x00007ff9ff130000 - 0x00007ff9ff155000 	C:\WINDOWS\SYSTEM32\USERENV.dll
0x00007ff9febb0000 - 0x00007ff9febbc000 	C:\WINDOWS\SYSTEM32\CRYPTBASE.dll
0x00007ff9fe750000 - 0x00007ff9fe78a000 	C:\WINDOWS\SYSTEM32\IPHLPAPI.DLL
0x00007ffa01bc0000 - 0x00007ffa01bc8000 	C:\WINDOWS\System32\NSI.dll
0x00007ff9f66e0000 - 0x00007ff9f66f6000 	C:\WINDOWS\SYSTEM32\dhcpcsvc6.DLL
0x00007ff9f66a0000 - 0x00007ff9f66bc000 	C:\WINDOWS\SYSTEM32\dhcpcsvc.DLL
0x00007ff9fe790000 - 0x00007ff9fe85a000 	C:\WINDOWS\SYSTEM32\DNSAPI.dll
0x00007ff9f08c0000 - 0x00007ff9f08d2000 	C:\Program Files\Java\jdk1.8.0_231\jre\bin\nio.dll
0x00007ff9f7e20000 - 0x00007ff9f7e2a000 	C:\Windows\System32\rasadhlp.dll
0x00007ff9f61f0000 - 0x00007ff9f6267000 	C:\WINDOWS\System32\fwpuclnt.dll
0x00007ff9f5820000 - 0x00007ff9f5844000 	C:\Program Files\Java\jdk1.8.0_231\jre\bin\sunec.dll
0x00007ff9f97a0000 - 0x00007ff9f97ab000 	C:\Program Files\Java\jdk1.8.0_231\jre\bin\sunmscapi.dll
0x00007ff9ff810000 - 0x00007ff9ff959000 	C:\WINDOWS\System32\CRYPT32.dll
0x00007ff9ff220000 - 0x00007ff9ff232000 	C:\WINDOWS\System32\MSASN1.dll
0x00007ff9e3ef0000 - 0x00007ff9e3f06000 	C:\WINDOWS\system32\napinsp.dll
0x00007ff9e3e30000 - 0x00007ff9e3e4a000 	C:\WINDOWS\system32\pnrpnsp.dll
0x00007ff9fa230000 - 0x00007ff9fa245000 	C:\WINDOWS\system32\wshbth.dll
0x00007ff9f70c0000 - 0x00007ff9f70dc000 	C:\WINDOWS\system32\NLAapi.dll
0x00007ff9e57f0000 - 0x00007ff9e57fe000 	C:\WINDOWS\System32\winrnr.dll

VM Arguments:
jvm_args: -ea -Didea.test.cyclic.buffer.size=1048576 -javaagent:C:\Program Files\JetBrains\IntelliJ IDEA Community Edition 2019.3.1\lib\idea_rt.jar=61718:C:\Program Files\JetBrains\IntelliJ IDEA Community Edition 2019.3.1\bin -Dfile.encoding=UTF-8 
java_command: com.intellij.rt.testng.RemoteTestNGStarter -usedefaultlisteners false -socket61717 @w@C:\Users\T460\AppData\Local\Temp\idea_working_dirs_testng.tmp -temp C:\Users\T460\AppData\Local\Temp\idea_testng.tmp
java_class_path (initial): C:\Program Files\JetBrains\IntelliJ IDEA Community Edition 2019.3.1\lib\idea_rt.jar;C:\Program Files\JetBrains\IntelliJ IDEA Community Edition 2019.3.1\plugins\testng\lib\testng-rt.jar;C:\Program Files\Java\jdk1.8.0_231\jre\lib\charsets.jar;C:\Program Files\Java\jdk1.8.0_231\jre\lib\deploy.jar;C:\Program Files\Java\jdk1.8.0_231\jre\lib\ext\access-bridge-64.jar;C:\Program Files\Java\jdk1.8.0_231\jre\lib\ext\cldrdata.jar;C:\Program Files\Java\jdk1.8.0_231\jre\lib\ext\dnsns.jar;C:\Program Files\Java\jdk1.8.0_231\jre\lib\ext\jaccess.jar;C:\Program Files\Java\jdk1.8.0_231\jre\lib\ext\jfxrt.jar;C:\Program Files\Java\jdk1.8.0_231\jre\lib\ext\localedata.jar;C:\Program Files\Java\jdk1.8.0_231\jre\lib\ext\nashorn.jar;C:\Program Files\Java\jdk1.8.0_231\jre\lib\ext\sunec.jar;C:\Program Files\Java\jdk1.8.0_231\jre\lib\ext\sunjce_provider.jar;C:\Program Files\Java\jdk1.8.0_231\jre\lib\ext\sunmscapi.jar;C:\Program Files\Java\jdk1.8.0_231\jre\lib\ext\sunpkcs11.jar;C:\Program Files\Java\jdk1.8.0_231\jre\lib\ext\zipfs.jar;C:\Program Files\Java\jdk1.8.0_231\jre\lib\javaws.jar;C:\Program Files\Java\jdk1.8.0_231\jre\lib\jce.jar;C:\Program Files\Java\jdk1.8.0_231\jre\lib\jfr.jar;C:\Program Files\Java\jdk1.8.0_231\jre\lib\jfxswt.jar;C:\Program Files\Java\jdk1.8.0_231\jre\lib\jsse.jar;C:\Program Files\Java\jdk1.8.0_231\jre\lib\management-agent.jar;C:\Program Files\Java\jdk1.8.0_231\jre\lib\plugin.jar;C:\Program Files\Java\jdk1.8.0_231\jre\lib\resources.jar;C:\Program Files\Java\jdk1.8.0_231\jre\lib\rt.jar;C:\Users\T460\Downloads\CrossBrowserTestingWithSelenium\target\test-classes;C:\Users\T460\Downloads\CrossBrowserTestingWithSelenium\target\classes;C:\Users\T460\.m2\repository\org\testng\testng\6.9.9\testng-6.9.9.jar;C:\Users\T460\.m2\repository\junit\junit\4.10\junit-4.10.jar;C:\Users\T460\.m2\repository\org\hamcrest\hamcrest-core\1.1\hamcrest-core-1.1.jar;C:\Users\T460\.m2\repository\com\beust\jcommander\1.48\jcommander-1.48.jar;C:\Users\T460\.m2\repository\
Launcher Type: SUN_STANDARD

Environment Variables:
JAVA_HOME=C:\Program Files\Java\jdk1.8.0_231\
PATH=C:\ProgramData\DockerDesktop\version-bin;C:\Program Files\Docker\Docker\Resources\bin;C:\Program Files (x86)\Common Files\Oracle\Java\javapath;C:\WINDOWS\system32;C:\WINDOWS;C:\WINDOWS\System32\Wbem;C:\WINDOWS\System32\WindowsPowerShell\v1.0\;C:\WINDOWS\System32\OpenSSH\;C:\Program Files\Git\cmd;C:\Program Files\nodejs\;C:\Program Files\apache-maven-3.3.1\bin;C:\Program Files\Java\jdk1.8.0_231\\bin;C:\Users\T460\AppData\Local\Microsoft\WindowsApps;C:\Users\T460\AppData\Roaming\npm;C:\Program Files\JetBrains\IntelliJ IDEA Community Edition 2019.3.1\bin;;C:\Program Files\Docker Toolbox
USERNAME=T460
OS=Windows_NT
PROCESSOR_IDENTIFIER=Intel64 Family 6 Model 78 Stepping 3, GenuineIntel



---------------  S Y S T E M  ---------------

OS: Windows 10.0 , 64 bit Build 18362 (10.0.18362.329)

CPU:total 4 (initial active 4) (2 cores per cpu, 2 threads per core) family 6 model 78 stepping 3, cmov, cx8, fxsr, mmx, sse, sse2, sse3, ssse3, sse4.1, sse4.2, popcnt, avx, avx2, aes, clmul, erms, rtm, 3dnowpref, lzcnt, ht, tsc, tscinvbit, bmi1, bmi2, adx

Memory: 4k page, physical 16641140k(411032k free), swap 36156784k(520k free)

vm_info: Java HotSpot(TM) 64-Bit Server VM (25.231-b11) for windows-amd64 JRE (1.8.0_231-b11), built on Oct  5 2019 03:11:30 by "java_re" with MS VC++ 10.0 (VS2010)

time: Sun Mar 08 18:19:49 2020
timezone: Malay Peninsula Standard Time
elapsed time: 55 seconds (0d 0h 0m 55s)

